<?xml version="1.0" encoding="UTF-8"?>
<coverage generated="1693393240270" clover="3.2.0">
  <project timestamp="1693393240270" name="All files">
    <metrics statements="69" coveredstatements="69" conditionals="23" coveredconditionals="22" methods="12" coveredmethods="12" elements="104" coveredelements="103" complexity="0" loc="69" ncloc="69" packages="1" files="2" classes="2"/>
    <file name="emoji.service.ts" path="C:\pr\ttt-refactor\backend\src\services\emoji.service.ts">
      <metrics statements="14" coveredstatements="14" conditionals="2" coveredconditionals="2" methods="2" coveredmethods="2"/>
      <line num="1" count="1" type="stmt"/>
      <line num="95" count="1" type="stmt"/>
      <line num="97" count="1" type="stmt"/>
      <line num="98" count="1" type="stmt"/>
      <line num="101" count="1" type="stmt"/>
      <line num="104" count="137" type="cond" truecount="2" falsecount="0"/>
      <line num="105" count="1" type="stmt"/>
      <line num="106" count="1" type="stmt"/>
      <line num="107" count="1" type="stmt"/>
      <line num="109" count="136" type="stmt"/>
      <line num="110" count="136" type="stmt"/>
      <line num="111" count="136" type="stmt"/>
      <line num="112" count="136" type="stmt"/>
      <line num="115" count="137" type="stmt"/>
    </file>
    <file name="game.service.ts" path="C:\pr\ttt-refactor\backend\src\services\game.service.ts">
      <metrics statements="55" coveredstatements="55" conditionals="21" coveredconditionals="20" methods="10" coveredmethods="10"/>
      <line num="13" count="1" type="stmt"/>
      <line num="14" count="1" type="stmt"/>
      <line num="17" count="12" type="stmt"/>
      <line num="19" count="12" type="stmt"/>
      <line num="20" count="36" type="stmt"/>
      <line num="22" count="36" type="stmt"/>
      <line num="23" count="108" type="stmt"/>
      <line num="24" count="108" type="stmt"/>
      <line num="27" count="36" type="stmt"/>
      <line num="30" count="12" type="stmt"/>
      <line num="33" count="1" type="stmt"/>
      <line num="34" count="5" type="stmt"/>
      <line num="39" count="5" type="stmt"/>
      <line num="40" count="5" type="stmt"/>
      <line num="42" count="5" type="stmt"/>
      <line num="45" count="1" type="stmt"/>
      <line num="46" count="1" type="stmt"/>
      <line num="49" count="1" type="stmt"/>
      <line num="50" count="97" type="cond" truecount="1" falsecount="0"/>
      <line num="51" count="1" type="stmt"/>
      <line num="53" count="96" type="stmt"/>
      <line num="56" count="1" type="stmt"/>
      <line num="57" count="2" type="stmt"/>
      <line num="59" count="2" type="stmt"/>
      <line num="60" count="4" type="stmt"/>
      <line num="61" count="10" type="cond" truecount="1" falsecount="0"/>
      <line num="62" count="1" type="stmt"/>
      <line num="67" count="1" type="stmt"/>
      <line num="70" count="1" type="stmt"/>
      <line num="71" count="32" type="stmt"/>
      <line num="73" count="32" type="stmt"/>
      <line num="74" count="93" type="cond" truecount="1" falsecount="0"/>
      <line num="79" count="3" type="stmt"/>
      <line num="83" count="29" type="stmt"/>
      <line num="84" count="84" type="cond" truecount="1" falsecount="0"/>
      <line num="89" count="3" type="stmt"/>
      <line num="93" count="26" type="cond" truecount="1" falsecount="0"/>
      <line num="98" count="1" type="stmt"/>
      <line num="101" count="25" type="cond" truecount="1" falsecount="0"/>
      <line num="106" count="1" type="stmt"/>
      <line num="109" count="24" type="stmt"/>
      <line num="112" count="1" type="stmt"/>
      <line num="113" count="18" type="stmt"/>
      <line num="115" count="18" type="stmt"/>
      <line num="119" count="1" type="stmt"/>
      <line num="126" count="33" type="stmt"/>
      <line num="128" count="33" type="cond" truecount="2" falsecount="0"/>
      <line num="129" count="33" type="stmt"/>
      <line num="131" count="33" type="stmt"/>
      <line num="134" count="1" type="stmt"/>
      <line num="135" count="3" type="stmt"/>
      <line num="137" count="3" type="stmt"/>
      <line num="140" count="1" type="stmt"/>
      <line num="141" count="7" type="stmt"/>
      <line num="143" count="7" type="stmt"/>
    </file>
  </project>
</coverage>
