{"C:\\pr\\ttt-refactor\\backend\\src\\services\\emoji.service.ts": {"path":"C:\\pr\\ttt-refactor\\backend\\src\\services\\emoji.service.ts","statementMap":{"0":{"start":{"line":1,"column":23},"end":{"line":93,"column":2}},"1":{"start":{"line":95,"column":26},"end":{"line":95,"column":28}},"2":{"start":{"line":98,"column":2},"end":{"line":98,"column":23}},"3":{"start":{"line":97,"column":0},"end":{"line":97,"column":16}},"4":{"start":{"line":104,"column":2},"end":{"line":113,"column":null}},"5":{"start":{"line":105,"column":4},"end":{"line":105,"column":22}},"6":{"start":{"line":106,"column":4},"end":{"line":106,"column":23}},"7":{"start":{"line":107,"column":4},"end":{"line":107,"column":19}},"8":{"start":{"line":109,"column":20},"end":{"line":109,"column":61}},"9":{"start":{"line":110,"column":4},"end":{"line":110,"column":28}},"10":{"start":{"line":111,"column":4},"end":{"line":111,"column":26}},"11":{"start":{"line":112,"column":4},"end":{"line":112,"column":30}},"12":{"start":{"line":115,"column":2},"end":{"line":115,"column":15}},"13":{"start":{"line":101,"column":0},"end":{"line":101,"column":16}}},"fnMap":{"0":{"name":"_test_getEmojiCount","decl":{"start":{"line":97,"column":16},"end":{"line":97,"column":35}},"loc":{"start":{"line":97,"column":35},"end":{"line":99,"column":1}}},"1":{"name":"getEmoji","decl":{"start":{"line":101,"column":16},"end":{"line":101,"column":24}},"loc":{"start":{"line":101,"column":24},"end":{"line":116,"column":1}}}},"branchMap":{"0":{"loc":{"start":{"line":104,"column":2},"end":{"line":113,"column":null}},"type":"if","locations":[{"start":{"line":104,"column":2},"end":{"line":113,"column":null}},{"start":{"line":108,"column":9},"end":{"line":113,"column":null}}]}},"s":{"0":1,"1":1,"2":1,"3":1,"4":137,"5":1,"6":1,"7":1,"8":136,"9":136,"10":136,"11":136,"12":137,"13":1},"f":{"0":1,"1":137},"b":{"0":[1,136]}}
,"C:\\pr\\ttt-refactor\\backend\\src\\services\\game.service.ts": {"path":"C:\\pr\\ttt-refactor\\backend\\src\\services\\game.service.ts","statementMap":{"0":{"start":{"line":13,"column":17},"end":{"line":13,"column":40}},"1":{"start":{"line":14,"column":13},"end":{"line":14,"column":16}},"2":{"start":{"line":17,"column":28},"end":{"line":17,"column":30}},"3":{"start":{"line":19,"column":2},"end":{"line":28,"column":null}},"4":{"start":{"line":19,"column":15},"end":{"line":19,"column":16}},"5":{"start":{"line":20,"column":28},"end":{"line":20,"column":30}},"6":{"start":{"line":22,"column":4},"end":{"line":25,"column":null}},"7":{"start":{"line":22,"column":17},"end":{"line":22,"column":18}},"8":{"start":{"line":23,"column":28},"end":{"line":23,"column":41}},"9":{"start":{"line":24,"column":6},"end":{"line":24,"column":20}},"10":{"start":{"line":27,"column":4},"end":{"line":27,"column":18}},"11":{"start":{"line":30,"column":2},"end":{"line":30,"column":13}},"12":{"start":{"line":34,"column":21},"end":{"line":37,"column":4}},"13":{"start":{"line":39,"column":2},"end":{"line":39,"column":29}},"14":{"start":{"line":40,"column":2},"end":{"line":40,"column":14}},"15":{"start":{"line":42,"column":2},"end":{"line":42,"column":14}},"16":{"start":{"line":33,"column":0},"end":{"line":33,"column":16}},"17":{"start":{"line":46,"column":2},"end":{"line":46,"column":30}},"18":{"start":{"line":45,"column":0},"end":{"line":45,"column":16}},"19":{"start":{"line":50,"column":2},"end":{"line":52,"column":null}},"20":{"start":{"line":51,"column":4},"end":{"line":51,"column":38}},"21":{"start":{"line":53,"column":2},"end":{"line":53,"column":38}},"22":{"start":{"line":49,"column":0},"end":{"line":49,"column":16}},"23":{"start":{"line":57,"column":15},"end":{"line":57,"column":35}},"24":{"start":{"line":59,"column":2},"end":{"line":65,"column":null}},"25":{"start":{"line":59,"column":15},"end":{"line":59,"column":16}},"26":{"start":{"line":60,"column":4},"end":{"line":64,"column":null}},"27":{"start":{"line":60,"column":17},"end":{"line":60,"column":18}},"28":{"start":{"line":61,"column":6},"end":{"line":63,"column":null}},"29":{"start":{"line":62,"column":8},"end":{"line":62,"column":21}},"30":{"start":{"line":67,"column":2},"end":{"line":67,"column":14}},"31":{"start":{"line":56,"column":0},"end":{"line":56,"column":16}},"32":{"start":{"line":71,"column":19},"end":{"line":71,"column":39}},"33":{"start":{"line":73,"column":2},"end":{"line":81,"column":null}},"34":{"start":{"line":73,"column":15},"end":{"line":73,"column":16}},"35":{"start":{"line":74,"column":4},"end":{"line":80,"column":null}},"36":{"start":{"line":79,"column":6},"end":{"line":79,"column":36}},"37":{"start":{"line":83,"column":2},"end":{"line":91,"column":null}},"38":{"start":{"line":83,"column":15},"end":{"line":83,"column":16}},"39":{"start":{"line":84,"column":4},"end":{"line":90,"column":null}},"40":{"start":{"line":89,"column":6},"end":{"line":89,"column":36}},"41":{"start":{"line":93,"column":2},"end":{"line":99,"column":null}},"42":{"start":{"line":98,"column":4},"end":{"line":98,"column":34}},"43":{"start":{"line":101,"column":2},"end":{"line":107,"column":null}},"44":{"start":{"line":106,"column":4},"end":{"line":106,"column":34}},"45":{"start":{"line":109,"column":2},"end":{"line":109,"column":12}},"46":{"start":{"line":70,"column":0},"end":{"line":70,"column":16}},"47":{"start":{"line":113,"column":19},"end":{"line":113,"column":39}},"48":{"start":{"line":115,"column":2},"end":{"line":115,"column":37}},"49":{"start":{"line":112,"column":0},"end":{"line":112,"column":16}},"50":{"start":{"line":126,"column":19},"end":{"line":126,"column":34}},"51":{"start":{"line":128,"column":2},"end":{"line":128,"column":46}},"52":{"start":{"line":129,"column":2},"end":{"line":129,"column":40}},"53":{"start":{"line":131,"column":2},"end":{"line":131,"column":18}},"54":{"start":{"line":119,"column":0},"end":{"line":119,"column":16}},"55":{"start":{"line":135,"column":21},"end":{"line":135,"column":36}},"56":{"start":{"line":137,"column":2},"end":{"line":137,"column":33}},"57":{"start":{"line":134,"column":0},"end":{"line":134,"column":16}},"58":{"start":{"line":141,"column":21},"end":{"line":141,"column":36}},"59":{"start":{"line":143,"column":2},"end":{"line":143,"column":34}},"60":{"start":{"line":140,"column":0},"end":{"line":140,"column":16}}},"fnMap":{"0":{"name":"createGrid","decl":{"start":{"line":16,"column":9},"end":{"line":16,"column":19}},"loc":{"start":{"line":16,"column":28},"end":{"line":31,"column":1}}},"1":{"name":"initGame","decl":{"start":{"line":33,"column":16},"end":{"line":33,"column":24}},"loc":{"start":{"line":33,"column":24},"end":{"line":43,"column":1}}},"2":{"name":"hasGame","decl":{"start":{"line":45,"column":16},"end":{"line":45,"column":23}},"loc":{"start":{"line":45,"column":38},"end":{"line":47,"column":1}}},"3":{"name":"getGame","decl":{"start":{"line":49,"column":16},"end":{"line":49,"column":23}},"loc":{"start":{"line":49,"column":38},"end":{"line":54,"column":1}}},"4":{"name":"cellsIsFilled","decl":{"start":{"line":56,"column":16},"end":{"line":56,"column":29}},"loc":{"start":{"line":56,"column":44},"end":{"line":68,"column":1}}},"5":{"name":"getWinnerIp","decl":{"start":{"line":70,"column":16},"end":{"line":70,"column":27}},"loc":{"start":{"line":70,"column":42},"end":{"line":110,"column":1}}},"6":{"name":"canMakeStep","decl":{"start":{"line":112,"column":16},"end":{"line":112,"column":27}},"loc":{"start":{"line":112,"column":64},"end":{"line":116,"column":1}}},"7":{"name":"makeGameStep","decl":{"start":{"line":119,"column":16},"end":{"line":119,"column":28}},"loc":{"start":{"line":124,"column":17},"end":{"line":132,"column":1}}},"8":{"name":"removeGame","decl":{"start":{"line":134,"column":16},"end":{"line":134,"column":26}},"loc":{"start":{"line":134,"column":41},"end":{"line":138,"column":1}}},"9":{"name":"_test_restartGame","decl":{"start":{"line":140,"column":16},"end":{"line":140,"column":33}},"loc":{"start":{"line":140,"column":48},"end":{"line":144,"column":1}}}},"branchMap":{"0":{"loc":{"start":{"line":16,"column":20},"end":{"line":16,"column":28}},"type":"default-arg","locations":[{"start":{"line":16,"column":27},"end":{"line":16,"column":28}}]},"1":{"loc":{"start":{"line":50,"column":2},"end":{"line":52,"column":null}},"type":"if","locations":[{"start":{"line":50,"column":2},"end":{"line":52,"column":null}}]},"2":{"loc":{"start":{"line":61,"column":6},"end":{"line":63,"column":null}},"type":"if","locations":[{"start":{"line":61,"column":6},"end":{"line":63,"column":null}}]},"3":{"loc":{"start":{"line":74,"column":4},"end":{"line":80,"column":null}},"type":"if","locations":[{"start":{"line":74,"column":4},"end":{"line":80,"column":null}}]},"4":{"loc":{"start":{"line":75,"column":6},"end":{"line":77,"column":33}},"type":"binary-expr","locations":[{"start":{"line":75,"column":6},"end":{"line":75,"column":51}},{"start":{"line":76,"column":6},"end":{"line":76,"column":51}},{"start":{"line":77,"column":6},"end":{"line":77,"column":33}}]},"5":{"loc":{"start":{"line":84,"column":4},"end":{"line":90,"column":null}},"type":"if","locations":[{"start":{"line":84,"column":4},"end":{"line":90,"column":null}}]},"6":{"loc":{"start":{"line":85,"column":6},"end":{"line":87,"column":33}},"type":"binary-expr","locations":[{"start":{"line":85,"column":6},"end":{"line":85,"column":51}},{"start":{"line":86,"column":6},"end":{"line":86,"column":51}},{"start":{"line":87,"column":6},"end":{"line":87,"column":33}}]},"7":{"loc":{"start":{"line":93,"column":2},"end":{"line":99,"column":null}},"type":"if","locations":[{"start":{"line":93,"column":2},"end":{"line":99,"column":null}}]},"8":{"loc":{"start":{"line":94,"column":4},"end":{"line":96,"column":31}},"type":"binary-expr","locations":[{"start":{"line":94,"column":4},"end":{"line":94,"column":49}},{"start":{"line":95,"column":4},"end":{"line":95,"column":49}},{"start":{"line":96,"column":4},"end":{"line":96,"column":31}}]},"9":{"loc":{"start":{"line":101,"column":2},"end":{"line":107,"column":null}},"type":"if","locations":[{"start":{"line":101,"column":2},"end":{"line":107,"column":null}}]},"10":{"loc":{"start":{"line":102,"column":4},"end":{"line":104,"column":31}},"type":"binary-expr","locations":[{"start":{"line":102,"column":4},"end":{"line":102,"column":49}},{"start":{"line":103,"column":4},"end":{"line":103,"column":49}},{"start":{"line":104,"column":4},"end":{"line":104,"column":31}}]},"11":{"loc":{"start":{"line":128,"column":30},"end":{"line":128,"column":45}},"type":"cond-expr","locations":[{"start":{"line":128,"column":40},"end":{"line":128,"column":41}},{"start":{"line":128,"column":44},"end":{"line":128,"column":45}}]}},"s":{"0":1,"1":1,"2":12,"3":12,"4":12,"5":36,"6":36,"7":36,"8":108,"9":108,"10":36,"11":12,"12":5,"13":5,"14":5,"15":5,"16":1,"17":1,"18":1,"19":97,"20":1,"21":96,"22":1,"23":2,"24":2,"25":2,"26":4,"27":4,"28":10,"29":1,"30":1,"31":1,"32":32,"33":32,"34":32,"35":93,"36":3,"37":29,"38":29,"39":84,"40":3,"41":26,"42":1,"43":25,"44":1,"45":24,"46":1,"47":18,"48":18,"49":1,"50":33,"51":33,"52":33,"53":33,"54":1,"55":3,"56":3,"57":1,"58":7,"59":7,"60":1},"f":{"0":12,"1":5,"2":1,"3":97,"4":2,"5":32,"6":18,"7":33,"8":3,"9":7},"b":{"0":[0],"1":[1],"2":[1],"3":[3],"4":[93,70,57],"5":[3],"6":[84,65,57],"7":[1],"8":[26,17,16],"9":[1],"10":[25,19,16],"11":[24,9]}}
}
