TN:
SF:src\services\emoji.service.ts
FN:97,_test_getEmojiCount
FN:101,getEmoji
FNF:2
FNH:2
FNDA:1,_test_getEmojiCount
FNDA:137,getEmoji
DA:1,1
DA:95,1
DA:97,1
DA:98,1
DA:101,1
DA:104,137
DA:105,1
DA:106,1
DA:107,1
DA:109,136
DA:110,136
DA:111,136
DA:112,136
DA:115,137
LF:14
LH:14
BRDA:104,0,0,1
BRDA:104,0,1,136
BRF:2
BRH:2
end_of_record
TN:
SF:src\services\game.service.ts
FN:16,createGrid
FN:33,initGame
FN:45,hasGame
FN:49,getGame
FN:56,cellsIsFilled
FN:70,getWinnerIp
FN:112,canMakeStep
FN:119,makeGameStep
FN:134,removeGame
FN:140,_test_restartGame
FNF:10
FNH:10
FNDA:12,createGrid
FNDA:5,initGame
FNDA:1,hasGame
FNDA:97,getGame
FNDA:2,cellsIsFilled
FNDA:32,getWinnerIp
FNDA:18,canMakeStep
FNDA:33,makeGameStep
FNDA:3,removeGame
FNDA:7,_test_restartGame
DA:13,1
DA:14,1
DA:17,12
DA:19,12
DA:20,36
DA:22,36
DA:23,108
DA:24,108
DA:27,36
DA:30,12
DA:33,1
DA:34,5
DA:39,5
DA:40,5
DA:42,5
DA:45,1
DA:46,1
DA:49,1
DA:50,97
DA:51,1
DA:53,96
DA:56,1
DA:57,2
DA:59,2
DA:60,4
DA:61,10
DA:62,1
DA:67,1
DA:70,1
DA:71,32
DA:73,32
DA:74,93
DA:79,3
DA:83,29
DA:84,84
DA:89,3
DA:93,26
DA:98,1
DA:101,25
DA:106,1
DA:109,24
DA:112,1
DA:113,18
DA:115,18
DA:119,1
DA:126,33
DA:128,33
DA:129,33
DA:131,33
DA:134,1
DA:135,3
DA:137,3
DA:140,1
DA:141,7
DA:143,7
LF:55
LH:55
BRDA:16,0,0,0
BRDA:50,1,0,1
BRDA:61,2,0,1
BRDA:74,3,0,3
BRDA:75,4,0,93
BRDA:75,4,1,70
BRDA:75,4,2,57
BRDA:84,5,0,3
BRDA:85,6,0,84
BRDA:85,6,1,65
BRDA:85,6,2,57
BRDA:93,7,0,1
BRDA:94,8,0,26
BRDA:94,8,1,17
BRDA:94,8,2,16
BRDA:101,9,0,1
BRDA:102,10,0,25
BRDA:102,10,1,19
BRDA:102,10,2,16
BRDA:128,11,0,24
BRDA:128,11,1,9
BRF:21
BRH:20
end_of_record
